                      :-) GROMACS - gmx mdrun, 2024.1 (-:

Copyright 1991-2024 The GROMACS Authors.
GROMACS is free software; you can redistribute it and/or modify it
under the terms of the GNU Lesser General Public License
as published by the Free Software Foundation; either version 2.1
of the License, or (at your option) any later version.

                         Current GROMACS contributors:
       Mark Abraham           Andrey Alekseenko           Vladimir Basov      
      Cathrine Bergh            Eliane Briand               Ania Brown        
      Mahesh Doijade            Giacomo Fiorin          Stefan Fleischmann    
      Sergey Gorelov         Gilles Gouaillardet            Alan Gray         
     M. Eric Irrgang         Farzaneh Jalalypour            Joe Jordan        
     Carsten Kutzner           Justin A. Lemkul          Magnus Lundborg      
       Pascal Merz              Vedran Miletic            Dmitry Morozov      
       Julien Nabet              Szilard Pall        Andrea Pasquadibisceglie 
    Michele Pellegrino          Hubert Santuz             Roland Schulz       
     Tatiana Shugaeva          Alexey Shvetsov            Philip Turner       
     Alessandra Villa      Sebastian Wingbermuehle  

                         Previous GROMACS contributors:
        Emile Apol             Rossen Apostolov           James Barnett       
        Paul Bauer          Herman J.C. Berendsen          Par Bjelkmar       
      Christian Blau          Viacheslav Bolnykh            Kevin Boyd        
    Aldert van Buuren          Carlo Camilloni           Rudi van Drunen      
      Anton Feenstra           Oliver Fleetwood            Vytas Gapsys       
       Gaurav Garg             Gerrit Groenhof            Bert de Groot       
      Anca Hamuraru           Vincent Hindriksen          Victor Holanda      
     Aleksei Iupinov          Christoph Junghans        Prashanth Kanduri     
   Dimitrios Karkoulis           Peter Kasson             Sebastian Kehl      
     Sebastian Keller             Jiri Kraus               Per Larsson        
      Viveca Lindahl            Erik Marklund           Pieter Meulenhoff     
      Teemu Murtola              Sander Pronk             Michael Shirts      
      Alfons Sijbers            Balint Soproni         David van der Spoel    
      Peter Tieleman            Carsten Uphoff             Jon Vincent        
     Teemu Virolainen         Christian Wennberg           Maarten Wolf       
      Artem Zhmurov       

                  Coordinated by the GROMACS project leaders:
                           Berk Hess and Erik Lindahl

GROMACS:      gmx mdrun, version 2024.1
Executable:   /arf/sw/apps/gromacs/2024.1-oneapi-2024/bin/gmx_mpi
Data prefix:  /arf/sw/apps/gromacs/2024.1-oneapi-2024
Working dir:  /arf/scratch/egitim/biomol2025-slurm/gromacs
Process ID:   742895
Command line:
  gmx_mpi mdrun -v -s benchmark.tpr

GROMACS version:     2024.1
Precision:           mixed
Memory model:        64 bit
MPI library:         MPI
MPI library version: Intel(R) MPI Library 2021.11 for Linux* OS 
OpenMP support:      enabled (GMX_OPENMP_MAX_THREADS = 128)
GPU support:         disabled
SIMD instructions:   AVX_512
CPU FFT library:     Intel MKL version 2024.0.0 Build 20231011
GPU FFT library:     none
Multi-GPU FFT:       none
RDTSCP usage:        enabled
TNG support:         enabled
Hwloc support:       disabled
Tracing support:     disabled
C compiler:          /arf/sw/comp/oneapi/2024/mpi/2021.11/bin/mpiicx IntelLLVM 2024.0.0
C compiler flags:    -xCORE-AVX512 -qopt-zmm-usage=high -Wno-missing-field-initializers -O3 -DNDEBUG
C++ compiler:        /arf/sw/comp/oneapi/2024/mpi/2021.11/bin/mpiicpx IntelLLVM 2024.0.0
C++ compiler flags:  -xCORE-AVX512 -qopt-zmm-usage=high -Wno-reserved-identifier -Wno-missing-field-initializers -Wno-pass-failed -Weverything -Wno-c++98-compat -Wno-c++98-compat-pedantic -Wno-source-uses-openmp -Wno-c++17-extensions -Wno-documentation-unknown-command -Wno-covered-switch-default -Wno-switch-enum -Wno-switch-default -Wno-extra-semi-stmt -Wno-weak-vtables -Wno-shadow -Wno-padded -Wno-reserved-id-macro -Wno-double-promotion -Wno-exit-time-destructors -Wno-global-constructors -Wno-documentation -Wno-format-nonliteral -Wno-used-but-marked-unused -Wno-float-equal -Wno-conditional-uninitialized -Wno-conversion -Wno-disabled-macro-expansion -Wno-unused-macros -Wno-unsafe-buffer-usage -Wno-cast-function-type-strict -fiopenmp -O3 -DNDEBUG
BLAS library:        Intel MKL version 2024.0.0 Build 20231011
LAPACK library:      Intel MKL version 2024.0.0 Build 20231011


Running on 1 node with total 2 cores, 4 processing units
Hardware detected on host barbun10 (the node of MPI rank 0):
  CPU info:
    Vendor: Intel
    Brand:  Intel(R) Xeon(R) Gold 6148 CPU @ 2.40GHz
    Family: 6   Model: 85   Stepping: 4
    Features: aes apic avx avx2 avx512f avx512cd avx512bw avx512vl avx512secondFMA clfsh cmov cx8 cx16 f16c fma hle htt intel lahf mmx msr nonstop_tsc pcid pclmuldq pdcm pdpe1gb popcnt pse rdrnd rdtscp rtm sse2 sse3 sse4.1 sse4.2 ssse3 tdt x2apic
    Number of AVX-512 FMA units: 2
  Hardware topology: Basic
    Packages, cores, and logical processors:
    [indices refer to OS logical processors]
      Package  0: [   0  40] [   2  42]
    CPU limit set by OS: -1   Recommended max number of threads: 4


++++ PLEASE READ AND CITE THE FOLLOWING REFERENCE ++++
M. J. Abraham, T. Murtola, R. Schulz, S. Páll, J. C. Smith, B. Hess, E.
Lindahl
GROMACS: High performance molecular simulations through multi-level
parallelism from laptops to supercomputers
SoftwareX 1 (2015) pp. 19-25
-------- -------- --- Thank You --- -------- --------


++++ PLEASE READ AND CITE THE FOLLOWING REFERENCE ++++
S. Páll, M. J. Abraham, C. Kutzner, B. Hess, E. Lindahl
Tackling Exascale Software Challenges in Molecular Dynamics Simulations with
GROMACS
In S. Markidis & E. Laure (Eds.), Solving Software Challenges for Exascale 8759 (2015) pp. 3-27
-------- -------- --- Thank You --- -------- --------


++++ PLEASE READ AND CITE THE FOLLOWING REFERENCE ++++
S. Pronk, S. Páll, R. Schulz, P. Larsson, P. Bjelkmar, R. Apostolov, M. R.
Shirts, J. C. Smith, P. M. Kasson, D. van der Spoel, B. Hess, and E. Lindahl
GROMACS 4.5: a high-throughput and highly parallel open source molecular
simulation toolkit
Bioinformatics 29 (2013) pp. 845-54
-------- -------- --- Thank You --- -------- --------


++++ PLEASE READ AND CITE THE FOLLOWING REFERENCE ++++
B. Hess and C. Kutzner and D. van der Spoel and E. Lindahl
GROMACS 4: Algorithms for highly efficient, load-balanced, and scalable
molecular simulation
J. Chem. Theory Comput. 4 (2008) pp. 435-447
-------- -------- --- Thank You --- -------- --------


++++ PLEASE READ AND CITE THE FOLLOWING REFERENCE ++++
D. van der Spoel, E. Lindahl, B. Hess, G. Groenhof, A. E. Mark and H. J. C.
Berendsen
GROMACS: Fast, Flexible and Free
J. Comp. Chem. 26 (2005) pp. 1701-1719
-------- -------- --- Thank You --- -------- --------


++++ PLEASE READ AND CITE THE FOLLOWING REFERENCE ++++
E. Lindahl and B. Hess and D. van der Spoel
GROMACS 3.0: A package for molecular simulation and trajectory analysis
J. Mol. Mod. 7 (2001) pp. 306-317
-------- -------- --- Thank You --- -------- --------


++++ PLEASE READ AND CITE THE FOLLOWING REFERENCE ++++
H. J. C. Berendsen, D. van der Spoel and R. van Drunen
GROMACS: A message-passing parallel molecular dynamics implementation
Comp. Phys. Comm. 91 (1995) pp. 43-56
-------- -------- --- Thank You --- -------- --------


++++ PLEASE CITE THE DOI FOR THIS VERSION OF GROMACS ++++
https://doi.org/10.5281/zenodo.10721181
-------- -------- --- Thank You --- -------- --------

Input Parameters:
   integrator                     = md
   tinit                          = 0
   dt                             = 0.002
   nsteps                         = 50000
   init-step                      = 0
   simulation-part                = 1
   mts                            = false
   mass-repartition-factor        = 1
   comm-mode                      = Linear
   nstcomm                        = 2500
   bd-fric                        = 0
   ld-seed                        = 2812901079
   emtol                          = 10
   emstep                         = 0.01
   niter                          = 20
   fcstep                         = 0
   nstcgsteep                     = 1000
   nbfgscorr                      = 10
   rtpi                           = 0.05
   nstxout                        = 25000
   nstvout                        = 0
   nstfout                        = 0
   nstlog                         = 10000
   nstcalcenergy                  = 100
   nstenergy                      = 10000
   nstxout-compressed             = 0
   compressed-x-precision         = 1000
   cutoff-scheme                  = Verlet
   nstlist                        = 10
   pbc                            = xyz
   periodic-molecules             = false
   verlet-buffer-tolerance        = 0.005
   verlet-buffer-pressure-tolerance = -1
   rlist                          = 1.2
   coulombtype                    = PME
   coulomb-modifier               = None
   rcoulomb-switch                = 0
   rcoulomb                       = 1.2
   epsilon-r                      = 1
   epsilon-rf                     = inf
   vdw-type                       = Cut-off
   vdw-modifier                   = Force-switch
   rvdw-switch                    = 1
   rvdw                           = 1.2
   DispCorr                       = No
   table-extension                = 1
   fourierspacing                 = 0.12
   fourier-nx                     = 52
   fourier-ny                     = 48
   fourier-nz                     = 52
   pme-order                      = 4
   ewald-rtol                     = 1e-05
   ewald-rtol-lj                  = 0.001
   lj-pme-comb-rule               = Geometric
   ewald-geometry                 = 3d
   epsilon-surface                = 0
   ensemble-temperature-setting   = constant
   ensemble-temperature           = 300
   tcoupl                         = Berendsen
   nsttcouple                     = 10
   nh-chain-length                = 0
   print-nose-hoover-chain-variables = false
   pcoupl                         = Berendsen
   pcoupltype                     = Isotropic
   nstpcouple                     = 10
   tau-p                          = 5
   compressibility (3x3):
      compressibility[    0]={ 4.50000e-05,  0.00000e+00,  0.00000e+00}
      compressibility[    1]={ 0.00000e+00,  4.50000e-05,  0.00000e+00}
      compressibility[    2]={ 0.00000e+00,  0.00000e+00,  4.50000e-05}
   ref-p (3x3):
      ref-p[    0]={ 1.00000e+00,  0.00000e+00,  0.00000e+00}
      ref-p[    1]={ 0.00000e+00,  1.00000e+00,  0.00000e+00}
      ref-p[    2]={ 0.00000e+00,  0.00000e+00,  1.00000e+00}
   refcoord-scaling               = No
   posres-com (3):
      posres-com[0]= 0.00000e+00
      posres-com[1]= 0.00000e+00
      posres-com[2]= 0.00000e+00
   posres-comB (3):
      posres-comB[0]= 0.00000e+00
      posres-comB[1]= 0.00000e+00
      posres-comB[2]= 0.00000e+00
   QMMM                           = false
qm-opts:
   ngQM                           = 0
   constraint-algorithm           = Lincs
   continuation                   = true
   Shake-SOR                      = false
   shake-tol                      = 0.0001
   lincs-order                    = 4
   lincs-iter                     = 1
   lincs-warnangle                = 30
   nwall                          = 0
   wall-type                      = 9-3
   wall-r-linpot                  = -1
   wall-atomtype[0]               = -1
   wall-atomtype[1]               = -1
   wall-density[0]                = 0
   wall-density[1]                = 0
   wall-ewald-zfac                = 3
   pull                           = false
   awh                            = false
   rotation                       = false
   interactiveMD                  = false
   disre                          = No
   disre-weighting                = Conservative
   disre-mixed                    = false
   dr-fc                          = 1000
   dr-tau                         = 0
   nstdisreout                    = 100
   orire-fc                       = 0
   orire-tau                      = 0
   nstorireout                    = 100
   free-energy                    = no
   cos-acceleration               = 0
   deform (3x3):
      deform[    0]={ 0.00000e+00,  0.00000e+00,  0.00000e+00}
      deform[    1]={ 0.00000e+00,  0.00000e+00,  0.00000e+00}
      deform[    2]={ 0.00000e+00,  0.00000e+00,  0.00000e+00}
   simulated-tempering            = false
   swapcoords                     = no
   userint1                       = 0
   userint2                       = 0
   userint3                       = 0
   userint4                       = 0
   userreal1                      = 0
   userreal2                      = 0
   userreal3                      = 0
   userreal4                      = 0
   applied-forces:
     electric-field:
grpopts:
   nrdf:       39534
   ref-t:         300
   tau-t:           1
annealing:          No
annealing-npoints:           0
   acc:	           0           0           0
   nfreeze:           N           N           N
   energygrp-flags[  0]: 0

Changing nstlist from 10 to 80, rlist from 1.2 to 1.323


Initializing Domain Decomposition on 1 ranks
Dynamic load balancing: auto
Using update groups, nr 6648, average size 2.9 atoms, max. radius 0.139 nm
Minimum cell size due to atom displacement: 0.538 nm
Initial maximum distances in bonded interactions:
    two-body bonded interactions: 0.428 nm, LJ-14, atoms 48 444
  multi-body bonded interactions: 0.478 nm, CMAP Dih., atoms 63 76
Minimum cell size due to bonded interactions: 0.525 nm
Using 0 separate PME ranks because: there are too few total ranks for efficient splitting
Optimizing the DD grid for 1 cells with a minimum initial size of 0.538 nm
The maximum allowed number of cells is: X 11 Y 10 Z 11
Domain decomposition grid 1 x 1 x 1, separate PME ranks 0
PME domain decomposition: 1 x 1 x 1

The initial number of communication pulses is:
The initial domain decomposition cell size is:

The maximum allowed distance for atom groups involved in interactions is:
                 non-bonded interactions           1.601 nm
(the following are initial values, they could change due to box deformation)
            two-body bonded interactions  (-rdd)   1.601 nm
          multi-body bonded interactions  (-rdd)   1.601 nm

When dynamic load balancing gets turned on, these settings will change to:
The maximum number of communication pulses is:
The minimum size for domain decomposition cells is 1.601 nm
The requested allowed shrink of DD cells (option -dds) is: 0.80
The allowed shrink of domain decomposition cells is:
The maximum allowed distance for atom groups involved in interactions is:
                 non-bonded interactions           1.601 nm
            two-body bonded interactions  (-rdd)   1.601 nm
          multi-body bonded interactions  (-rdd)   1.601 nm

Using 1 MPI process

Non-default thread affinity set, disabling internal thread affinity

Using 4 OpenMP threads 

System total charge: 0.000
Will do PME sum in reciprocal space for electrostatic interactions.

++++ PLEASE READ AND CITE THE FOLLOWING REFERENCE ++++
U. Essmann, L. Perera, M. L. Berkowitz, T. Darden, H. Lee and L. G. Pedersen 
A smooth particle mesh Ewald method
J. Chem. Phys. 103 (1995) pp. 8577-8592
-------- -------- --- Thank You --- -------- --------

Using a Gaussian width (1/beta) of 0.384195 nm for Ewald
Potential shift: LJ r^-12: -2.648e-01 r^-6: -5.349e-01, Ewald -0.000e+00
Initialized non-bonded Coulomb Ewald tables, spacing: 1.02e-03 size: 1176

Generated table with 1161 data points for 1-4 COUL.
Tabscale = 500 points/nm
Generated table with 1161 data points for 1-4 LJ6.
Tabscale = 500 points/nm
Generated table with 1161 data points for 1-4 LJ12.
Tabscale = 500 points/nm


Using SIMD2xMM 4x8 nonbonded short-range kernels

Using a dual 4x8 pair-list setup updated with dynamic pruning:
  outer list: updated every 80 steps, buffer 0.123 nm, rlist 1.323 nm
  inner list: updated every 12 steps, buffer 0.000 nm, rlist 1.200 nm
At tolerance 0.005 kJ/mol/ps per atom, equivalent classical 1x1 list would be:
  outer list: updated every 80 steps, buffer 0.267 nm, rlist 1.467 nm
  inner list: updated every 12 steps, buffer 0.046 nm, rlist 1.246 nm

The average pressure is off by at most 0.09 bar due to missing LJ interactions

Linking all bonded interactions to atoms


Initializing LINear Constraint Solver

++++ PLEASE READ AND CITE THE FOLLOWING REFERENCE ++++
B. Hess and H. Bekker and H. J. C. Berendsen and J. G. E. M. Fraaije
LINCS: A Linear Constraint Solver for molecular simulations
J. Comp. Chem. 18 (1997) pp. 1463-1472
-------- -------- --- Thank You --- -------- --------

The number of constraints is 315

++++ PLEASE READ AND CITE THE FOLLOWING REFERENCE ++++
S. Miyamoto and P. A. Kollman
SETTLE: An Analytical Version of the SHAKE and RATTLE Algorithms for Rigid
Water Models
J. Comp. Chem. 13 (1992) pp. 952-962
-------- -------- --- Thank You --- -------- --------


++++ PLEASE READ AND CITE THE FOLLOWING REFERENCE ++++
H. J. C. Berendsen, J. P. M. Postma, A. DiNola and J. R. Haak
Molecular dynamics with coupling to an external bath
J. Chem. Phys. 81 (1984) pp. 3684-3690
-------- -------- --- Thank You --- -------- --------

There are: 19605 Atoms

Atom distribution over 1 domains: av 19605 stddev 0 min 19605 max 19605
Center of mass motion removal mode is Linear
We have the following groups for center of mass motion removal:
  0:  rest

Started mdrun on rank 0 Mon Apr  7 11:00:43 2025

           Step           Time
              0        0.00000

   Energies (kJ/mol)
           Bond            U-B    Proper Dih.  Improper Dih.      CMAP Dih.
    4.80587e+02    1.47533e+03    1.03570e+03    6.84219e+01   -3.06157e+02
          LJ-14     Coulomb-14        LJ (SR)   Coulomb (SR)   Coul. recip.
    5.29282e+02    8.25218e+03    3.68286e+04   -3.02390e+05    8.98585e+02
      Potential    Kinetic En.   Total Energy  Conserved En.    Temperature
   -2.53128e+05    4.91821e+04   -2.03945e+05   -2.03945e+05    2.99249e+02
 Pressure (bar)   Constr. rmsd
   -6.41214e+01    2.86401e-06

           Step           Time
          10000       20.00000

   Energies (kJ/mol)
           Bond            U-B    Proper Dih.  Improper Dih.      CMAP Dih.
    5.62181e+02    1.64763e+03    1.06704e+03    7.85704e+01   -3.18028e+02
          LJ-14     Coulomb-14        LJ (SR)   Coulomb (SR)   Coul. recip.
    4.81725e+02    8.12047e+03    3.81735e+04   -3.03982e+05    9.05978e+02
      Potential    Kinetic En.   Total Energy  Conserved En.    Temperature
   -2.53263e+05    4.88471e+04   -2.04416e+05   -2.03841e+05    2.97210e+02
 Pressure (bar)   Constr. rmsd
    4.18882e+01    2.96232e-06

           Step           Time
          20000       40.00000

   Energies (kJ/mol)
           Bond            U-B    Proper Dih.  Improper Dih.      CMAP Dih.
    6.17409e+02    1.49066e+03    1.11659e+03    9.99654e+01   -2.84600e+02
          LJ-14     Coulomb-14        LJ (SR)   Coulomb (SR)   Coul. recip.
    4.72072e+02    8.13987e+03    3.83448e+04   -3.04385e+05    9.08586e+02
      Potential    Kinetic En.   Total Energy  Conserved En.    Temperature
   -2.53480e+05    4.93541e+04   -2.04126e+05   -2.03754e+05    3.00295e+02
 Pressure (bar)   Constr. rmsd
    1.20581e+02    2.79614e-06

           Step           Time
          30000       60.00000

   Energies (kJ/mol)
           Bond            U-B    Proper Dih.  Improper Dih.      CMAP Dih.
    6.01464e+02    1.53550e+03    1.11357e+03    9.69540e+01   -2.93168e+02
          LJ-14     Coulomb-14        LJ (SR)   Coulomb (SR)   Coul. recip.
    4.28985e+02    8.24754e+03    3.87128e+04   -3.05040e+05    8.75934e+02
      Potential    Kinetic En.   Total Energy  Conserved En.    Temperature
   -2.53721e+05    4.94246e+04   -2.04296e+05   -2.03676e+05    3.00724e+02
 Pressure (bar)   Constr. rmsd
    1.16304e+02    2.97479e-06

           Step           Time
          40000       80.00000

   Energies (kJ/mol)
           Bond            U-B    Proper Dih.  Improper Dih.      CMAP Dih.
    6.35626e+02    1.55146e+03    1.07106e+03    8.70900e+01   -2.77397e+02
          LJ-14     Coulomb-14        LJ (SR)   Coulomb (SR)   Coul. recip.
    4.66529e+02    8.13218e+03    3.77760e+04   -3.04441e+05    9.57755e+02
      Potential    Kinetic En.   Total Energy  Conserved En.    Temperature
   -2.54041e+05    4.96798e+04   -2.04361e+05   -2.03569e+05    3.02277e+02
 Pressure (bar)   Constr. rmsd
    1.17440e+01    2.57192e-06

           Step           Time
          50000      100.00000

Writing checkpoint, step 50000 at Mon Apr  7 11:07:59 2025


   Energies (kJ/mol)
           Bond            U-B    Proper Dih.  Improper Dih.      CMAP Dih.
    5.47863e+02    1.55828e+03    1.07030e+03    7.85404e+01   -2.82744e+02
          LJ-14     Coulomb-14        LJ (SR)   Coulomb (SR)   Coul. recip.
    4.81783e+02    8.13729e+03    3.81937e+04   -3.04434e+05    9.40051e+02
      Potential    Kinetic En.   Total Energy  Conserved En.    Temperature
   -2.53709e+05    4.95594e+04   -2.04149e+05   -2.03491e+05    3.01544e+02
 Pressure (bar)   Constr. rmsd
    9.97708e+01    2.64839e-06


Energy conservation over simulation part #1 of length 100 ps, time 0 to 100 ps
  Conserved energy drift: 2.31e-04 kJ/mol/ps per atom


	<======  ###############  ==>
	<====  A V E R A G E S  ====>
	<==  ###############  ======>

	Statistics over 50001 steps using 501 frames

   Energies (kJ/mol)
           Bond            U-B    Proper Dih.  Improper Dih.      CMAP Dih.
    5.65596e+02    1.60408e+03    1.07388e+03    9.09471e+01   -2.88809e+02
          LJ-14     Coulomb-14        LJ (SR)   Coulomb (SR)   Coul. recip.
    4.72577e+02    8.13427e+03    3.78905e+04   -3.03911e+05    9.12020e+02
      Potential    Kinetic En.   Total Energy  Conserved En.    Temperature
   -2.53456e+05    4.92907e+04   -2.04165e+05   -2.03704e+05    2.99909e+02
 Pressure (bar)   Constr. rmsd
   -1.49444e+00    0.00000e+00

          Box-X          Box-Y          Box-Z
    6.01093e+00    5.51823e+00    6.01093e+00

   Total Virial (kJ/mol)
    1.64581e+04    5.35885e+01   -9.19765e+00
    5.36658e+01    1.64175e+04    1.06574e+02
   -9.22450e+00    1.06501e+02    1.64420e+04

   Pressure (bar)
   -4.07112e+00   -1.04165e+01    1.04183e+00
   -1.04294e+01    2.43512e+00   -1.88321e+01
    1.04631e+00   -1.88200e+01   -2.84732e+00


	M E G A - F L O P S   A C C O U N T I N G

 NB=Group-cutoff nonbonded kernels    NxN=N-by-N cluster Verlet kernels
 RF=Reaction-Field  VdW=Van der Waals  QSTab=quadratic-spline table
 W3=SPC/TIP3p  W4=TIP4p (single or pairs)
 V&F=Potential and force  V=Potential only  F=Force only

 Computing:                               M-Number         M-Flops  % Flops
-----------------------------------------------------------------------------
 Pair Search distance check            6904.458266       62140.124     0.1
 NxN Ewald Elec. + LJ [F]            445507.862240    34749613.255    54.7
 NxN Ewald Elec. + LJ [V&F]            4509.182880      581684.592     0.9
 NxN Ewald Elec. [F]                 410282.972704    25027261.335    39.4
 NxN Ewald Elec. [V&F]                 4152.460320      348806.667     0.5
 1,4 nonbonded interactions              85.651713        7708.654     0.0
 Calc Weights                          2940.808815      105869.117     0.2
 Spread Q Bspline                     62737.254720      125474.509     0.2
 Gather F Bspline                     62737.254720      376423.528     0.6
 3D-FFT                              220467.009252     1763736.074     2.8
 Solve PME                             3369.667392      215658.713     0.3
 Reset In Box                            12.253125          36.759     0.0
 CG-CoM                                  12.272730          36.818     0.0
 Bonds                                   16.850337         994.170     0.0
 Propers                                 74.351487       17026.491     0.0
 Impropers                                5.100102        1060.821     0.0
 Virial                                  98.269650        1768.854     0.0
 Stop-CM                                  0.411705           4.117     0.0
 P-Coupling                              98.044605         588.268     0.0
 Calc-Ekin                              196.089210        5294.409     0.0
 Lincs                                   15.750315         945.019     0.0
 Lincs-Mat                               83.401668         333.607     0.0
 Constraint-V                           979.669593        8817.026     0.0
 Constraint-Vir                          96.409278        2313.823     0.0
 Settle                                 316.056321      116940.839     0.2
 CMAP                                     2.200044        3740.075     0.0
 Urey-Bradley                            59.151183       10824.666     0.0
-----------------------------------------------------------------------------
 Total                                                63535102.330   100.0
-----------------------------------------------------------------------------


    D O M A I N   D E C O M P O S I T I O N   S T A T I S T I C S

 av. #atoms communicated per step for force:  2 x 0.0


      R E A L   C Y C L E   A N D   T I M E   A C C O U N T I N G

On 1 MPI rank, each using 4 OpenMP threads

 Activity:              Num   Num      Call    Wall time         Giga-Cycles
                        Ranks Threads  Count      (s)         total sum    %
--------------------------------------------------------------------------------
 Domain decomp.            1    4        625       1.347         12.896   0.3
 Neighbor search           1    4        626       6.249         59.849   1.4
 Force                     1    4      50001     347.818       3331.119  79.7
 PME mesh                  1    4      50001      72.893        698.113  16.7
 NB X/F buffer ops.        1    4      99376       2.542         24.343   0.6
 Write traj.               1    4          3       0.066          0.636   0.0
 Update                    1    4      50001       1.333         12.770   0.3
 Constraints               1    4      50001       3.472         33.249   0.8
 Rest                                              0.927          8.880   0.2
--------------------------------------------------------------------------------
 Total                                           436.647       4181.855 100.0
--------------------------------------------------------------------------------
 Breakdown of PME mesh activities
--------------------------------------------------------------------------------
 PME spread                1    4      50001      22.736        217.745   5.2
 PME gather                1    4      50001      21.674        207.572   5.0
 PME 3D-FFT                1    4     100002      25.444        243.684   5.8
 PME solve Elec            1    4      50001       2.957         28.318   0.7
--------------------------------------------------------------------------------

               Core t (s)   Wall t (s)        (%)
       Time:     1746.580      436.647      400.0
                 (ns/day)    (hour/ns)
Performance:       19.788        1.213
Finished mdrun on rank 0 Mon Apr  7 11:07:59 2025

