                      :-) GROMACS - gmx mdrun, 2024.1 (-:

Executable:   /arf/sw/apps/gromacs/2024.1-oneapi-2024/bin/gmx_mpi
Data prefix:  /arf/sw/apps/gromacs/2024.1-oneapi-2024
Working dir:  /arf/sw/scripts/gromacs
Command line:
  gmx_mpi mdrun -ntmpi 56 -ntomp 2 -v -s benchmark.tpr


-------------------------------------------------------
Program:     gmx mdrun, version 2024.1

-------------------------------------------------------
Program:     gmx mdrun, version 2024.1
Source file: src/gromacs/taskassignment/resourcedivision.cpp (line 718)
MPI rank:    63 (out of 112)


-------------------------------------------------------
Program:     gmx mdrun, version 2024.1
Source file: src/gromacs/taskassignment/resourcedivision.cpp (line 718)
MPI rank:    95 (out of 112)


-------------------------------------------------------
Program:     gmx mdrun, version 2024.1
Source file: src/gromacs/taskassignment/resourcedivision.cpp (line 718)
MPI rank:    96 (out of 112)


-------------------------------------------------------
Program:     gmx mdrun, version 2024.1
Source file: src/gromacs/taskassignment/resourcedivision.cpp (line 718)
MPI rank:    3 (out of 112)


-------------------------------------------------------
Program:     gmx mdrun, version 2024.1

-------------------------------------------------------
Program:     gmx mdrun, version 2024.1

-------------------------------------------------------
Program:     gmx mdrun, version 2024.1

-------------------------------------------------------
Program:     gmx mdrun, version 2024.1

-------------------------------------------------------
Program:     gmx mdrun, version 2024.1
Source file: src/gromacs/taskassignment/resourcedivision.cpp (line 718)
MPI rank:    47 (out of 112)


-------------------------------------------------------
Program:     gmx mdrun, version 2024.1
Source file: src/gromacs/taskassignment/resourcedivision.cpp (line 718)
MPI rank:    71 (out of 112)


-------------------------------------------------------
Program:     gmx mdrun, version 2024.1
Source file: src/gromacs/taskassignment/resourcedivision.cpp (line 718)
MPI rank:    73 (out of 112)


-------------------------------------------------------
Program:     gmx mdrun, version 2024.1
Source file: src/gromacs/taskassignment/resourcedivision.cpp (line 718)
MPI rank:    75 (out of 112)


-------------------------------------------------------
Program:     gmx mdrun, version 2024.1
Source file: src/gromacs/taskassignment/resourcedivision.cpp (line 718)
MPI rank:    7 (out of 112)

Source file: src/gromacs/taskassignment/resourcedivision.cpp (line 718)
MPI rank:    12 (out of 112)


-------------------------------------------------------
Program:     gmx mdrun, version 2024.1
Source file: src/gromacs/taskassignment/resourcedivision.cpp (line 718)
MPI rank:    52 (out of 112)


-------------------------------------------------------
Program:     gmx mdrun, version 2024.1

-------------------------------------------------------
Program:     gmx mdrun, version 2024.1

-------------------------------------------------------
Program:     gmx mdrun, version 2024.1

-------------------------------------------------------
Program:     gmx mdrun, version 2024.1
Source file: src/gromacs/taskassignment/resourcedivision.cpp (line 718)
MPI rank:    86 (out of 112)


-------------------------------------------------------
Program:     gmx mdrun, version 2024.1

-------------------------------------------------------
Program:     gmx mdrun, version 2024.1
Source file: src/gromacs/taskassignment/resourcedivision.cpp (line 718)
MPI rank:    8 (out of 112)


-------------------------------------------------------
Program:     gmx mdrun, version 2024.1
Source file: src/gromacs/taskassignment/resourcedivision.cpp (line 718)
MPI rank:    16 (out of 112)


-------------------------------------------------------
Program:     gmx mdrun, version 2024.1
Source file: src/gromacs/taskassignment/resourcedivision.cpp (line 718)
MPI rank:    42 (out of 112)


-------------------------------------------------------
Program:     gmx mdrun, version 2024.1
Source file: src/gromacs/taskassignment/resourcedivision.cpp (line 718)
MPI rank:    50 (out of 112)


-------------------------------------------------------
Program:     gmx mdrun, version 2024.1
Source file: src/gromacs/taskassignment/resourcedivision.cpp (line 718)
MPI rank:    56 (out of 112)


-------------------------------------------------------
Program:     gmx mdrun, version 2024.1

-------------------------------------------------------
Program:     gmx mdrun, version 2024.1

-------------------------------------------------------
Program:     gmx mdrun, version 2024.1
Source file: src/gromacs/taskassignment/resourcedivision.cpp (line 718)
MPI rank:    107 (out of 112)


-------------------------------------------------------
Program:     gmx mdrun, version 2024.1
Source file: src/gromacs/taskassignment/resourcedivision.cpp (line 718)
MPI rank:    15 (out of 112)


-------------------------------------------------------
Program:     gmx mdrun, version 2024.1
Source file: src/gromacs/taskassignment/resourcedivision.cpp (line 718)
MPI rank:    41 (out of 112)


-------------------------------------------------------
Program:     gmx mdrun, version 2024.1
Source file: src/gromacs/taskassignment/resourcedivision.cpp (line 718)
MPI rank:    57 (out of 112)


-------------------------------------------------------
Program:     gmx mdrun, version 2024.1
Source file: src/gromacs/taskassignment/resourcedivision.cpp (line 718)
MPI rank:    93 (out of 112)


-------------------------------------------------------
Program:     gmx mdrun, version 2024.1
Source file: src/gromacs/taskassignment/resourcedivision.cpp (line 718)
MPI rank:    99 (out of 112)


-------------------------------------------------------
Program:     gmx mdrun, version 2024.1
Source file: src/gromacs/taskassignment/resourcedivision.cpp (line 718)
MPI rank:    14 (out of 112)


-------------------------------------------------------
Program:     gmx mdrun, version 2024.1
Source file: src/gromacs/taskassignment/resourcedivision.cpp (line 718)
MPI rank:    21 (out of 112)


-------------------------------------------------------
Program:     gmx mdrun, version 2024.1
Source file: src/gromacs/taskassignment/resourcedivision.cpp (line 718)
MPI rank:    45 (out of 112)


-------------------------------------------------------

-------------------------------------------------------
Program:     gmx mdrun, version 2024.1
Source file: src/gromacs/taskassignment/resourcedivision.cpp (line 718)
MPI rank:    5 (out of 112)


-------------------------------------------------------
Program:     gmx mdrun, version 2024.1
Source file: src/gromacs/taskassignment/resourcedivision.cpp (line 718)
MPI rank:    6 (out of 112)


-------------------------------------------------------
Program:     gmx mdrun, version 2024.1
Source file: src/gromacs/taskassignment/resourcedivision.cpp (line 718)
MPI rank:    9 (out of 112)


-------------------------------------------------------
Program:     gmx mdrun, version 2024.1
Source file: src/gromacs/taskassignment/resourcedivision.cpp (line 718)
MPI rank:    11 (out of 112)


-------------------------------------------------------
Program:     gmx mdrun, version 2024.1
Source file: src/gromacs/taskassignment/resourcedivision.cpp (line 718)
MPI rank:    18 (out of 112)


-------------------------------------------------------
Program:     gmx mdrun, version 2024.1

-------------------------------------------------------
Program:     gmx mdrun, version 2024.1

-------------------------------------------------------
Program:     gmx mdrun, version 2024.1
Source file: src/gromacs/taskassignment/resourcedivision.cpp (line 718)
MPI rank:    25 (out of 112)


-------------------------------------------------------
Program:     gmx mdrun, version 2024.1
Source file: src/gromacs/taskassignment/resourcedivision.cpp (line 718)
MPI rank:    29 (out of 112)


-------------------------------------------------------
Program:     gmx mdrun, version 2024.1
Source file: src/gromacs/taskassignment/resourcedivision.cpp (line 718)
MPI rank:    31 (out of 112)


-------------------------------------------------------
Program:     gmx mdrun, version 2024.1
Source file: src/gromacs/taskassignment/resourcedivision.cpp (line 718)
MPI rank:    32 (out of 112)


-------------------------------------------------------
Program:     gmx mdrun, version 2024.1
Source file: src/gromacs/taskassignment/resourcedivision.cpp (line 718)
MPI rank:    33 (out of 112)

Source file: src/gromacs/taskassignment/resourcedivision.cpp (line 718)
MPI rank:    36 (out of 112)


-------------------------------------------------------
Program:     gmx mdrun, version 2024.1

-------------------------------------------------------
Program:     gmx mdrun, version 2024.1
Source file: src/gromacs/taskassignment/resourcedivision.cpp (line 718)
MPI rank:    55 (out of 112)

Fatal error:
Setting the number of thread-MPI ranks is only supported with thread-MPI and
GROMACS was compiled without thread-MPI

For more information and tips for troubleshooting, please check the GROMACS
website at https://manual.gromacs.org/current/user-guide/run-time-errors.html
-------------------------------------------------------

-------------------------------------------------------
Program:     gmx mdrun, version 2024.1
Source file: src/gromacs/taskassignment/resourcedivision.cpp (line 718)
MPI rank:    58 (out of 112)


-------------------------------------------------------
Program:     gmx mdrun, version 2024.1
Source file: src/gromacs/taskassignment/resourcedivision.cpp (line 718)
MPI rank:    72 (out of 112)


-------------------------------------------------------
Program:     gmx mdrun, version 2024.1
Source file: src/gromacs/taskassignment/resourcedivision.cpp (line 718)
MPI rank:    76 (out of 112)

Source file: src/gromacs/taskassignment/resourcedivision.cpp (line 718)
MPI rank:    80 (out of 112)


-------------------------------------------------------
Program:     gmx mdrun, version 2024.1
Source file: src/gromacs/taskassignment/resourcedivision.cpp (line 718)
MPI rank:    81 (out of 112)


-------------------------------------------------------
Program:     gmx mdrun, version 2024.1
Source file: src/gromacs/taskassignment/resourcedivision.cpp (line 718)
MPI rank:    90 (out of 112)


-------------------------------------------------------
Program:     gmx mdrun, version 2024.1
Fatal error:
Setting the number of thread-MPI ranks is only supported with thread-MPI and
GROMACS was compiled without thread-MPI

For more information and tips for troubleshooting, please check the GROMACS
website at https://manual.gromacs.org/current/user-guide/run-time-errors.html
-------------------------------------------------------
Fatal error:
Setting the number of thread-MPI ranks is only supported with thread-MPI and
GROMACS was compiled without thread-MPI

For more information and tips for troubleshooting, please check the GROMACS
website at https://manual.gromacs.org/current/user-guide/run-time-errors.html
-------------------------------------------------------

-------------------------------------------------------
Program:     gmx mdrun, version 2024.1
Source file: src/gromacs/taskassignment/resourcedivision.cpp (line 718)
MPI rank:    10 (out of 112)

Fatal error:
Setting the number of thread-MPI ranks is only supported with thread-MPI and
GROMACS was compiled without thread-MPI

For more information and tips for troubleshooting, please check the GROMACS
website at https://manual.gromacs.org/current/user-guide/run-time-errors.html
-------------------------------------------------------
Source file: src/gromacs/taskassignment/resourcedivision.cpp (line 718)
MPI rank:    20 (out of 112)

Fatal error:
Setting the number of thread-MPI ranks is only supported with thread-MPI and
GROMACS was compiled without thread-MPI

For more information and tips for troubleshooting, please check the GROMACS
website at https://manual.gromacs.org/current/user-guide/run-time-errors.html
-------------------------------------------------------
Source file: src/gromacs/taskassignment/resourcedivision.cpp (line 718)
MPI rank:    23 (out of 112)

Fatal error:
Setting the number of thread-MPI ranks is only supported with thread-MPI and
GROMACS was compiled without thread-MPI

For more information and tips for troubleshooting, please check the GROMACS
website at https://manual.gromacs.org/current/user-guide/run-time-errors.html
-------------------------------------------------------

-------------------------------------------------------
Program:     gmx mdrun, version 2024.1

-------------------------------------------------------
Program:     gmx mdrun, version 2024.1
Source file: src/gromacs/taskassignment/resourcedivision.cpp (line 718)
MPI rank:    28 (out of 112)

Fatal error:
Setting the number of thread-MPI ranks is only supported with thread-MPI and
GROMACS was compiled without thread-MPI

For more information and tips for troubleshooting, please check the GROMACS
website at https://manual.gromacs.org/current/user-guide/run-time-errors.html
-------------------------------------------------------
Source file: src/gromacs/taskassignment/resourcedivision.cpp (line 718)
MPI rank:    40 (out of 112)

Fatal error:
Setting the number of thread-MPI ranks is only supported with thread-MPI and
GROMACS was compiled without thread-MPI

For more information and tips for troubleshooting, please check the GROMACS
website at https://manual.gromacs.org/current/user-guide/run-time-errors.html
-------------------------------------------------------

-------------------------------------------------------
Program:     gmx mdrun, version 2024.1
Source file: src/gromacs/taskassignment/resourcedivision.cpp (line 718)
MPI rank:    53 (out of 112)

Fatal error:
Setting the number of thread-MPI ranks is only supported with thread-MPI and
GROMACS was compiled without thread-MPI

For more information and tips for troubleshooting, please check the GROMACS
website at https://manual.gromacs.org/current/user-guide/run-time-errors.html
-------------------------------------------------------

-------------------------------------------------------
Program:     gmx mdrun, version 2024.1
Source file: src/gromacs/taskassignment/resourcedivision.cpp (line 718)
MPI rank:    60 (out of 112)

Fatal error:
Setting the number of thread-MPI ranks is only supported with thread-MPI and
GROMACS was compiled without thread-MPI

For more information and tips for troubleshooting, please check the GROMACS
website at https://manual.gromacs.org/current/user-guide/run-time-errors.html
-------------------------------------------------------

-------------------------------------------------------
Program:     gmx mdrun, version 2024.1
Source file: src/gromacs/taskassignment/resourcedivision.cpp (line 718)
MPI rank:    62 (out of 112)

Fatal error:
Setting the number of thread-MPI ranks is only supported with thread-MPI and
GROMACS was compiled without thread-MPI

For more information and tips for troubleshooting, please check the GROMACS
website at https://manual.gromacs.org/current/user-guide/run-time-errors.html
-------------------------------------------------------

-------------------------------------------------------
Program:     gmx mdrun, version 2024.1

-------------------------------------------------------
Program:     gmx mdrun, version 2024.1
Source file: src/gromacs/taskassignment/resourcedivision.cpp (line 718)
MPI rank:    70 (out of 112)

Fatal error:
Setting the number of thread-MPI ranks is only supported with thread-MPI and
GROMACS was compiled without thread-MPI

For more information and tips for troubleshooting, please check the GROMACS
website at https://manual.gromacs.org/current/user-guide/run-time-errors.html
-------------------------------------------------------

-------------------------------------------------------
Program:     gmx mdrun, version 2024.1
Source file: src/gromacs/taskassignment/resourcedivision.cpp (line 718)
MPI rank:    79 (out of 112)

Fatal error:
Setting the number of thread-MPI ranks is only supported with thread-MPI and
GROMACS was compiled without thread-MPI

For more information and tips for troubleshooting, please check the GROMACS
website at https://manual.gromacs.org/current/user-guide/run-time-errors.html
-------------------------------------------------------

-------------------------------------------------------
Program:     gmx mdrun, version 2024.1
Source file: src/gromacs/taskassignment/resourcedivision.cpp (line 718)
MPI rank:    85 (out of 112)


-------------------------------------------------------
Program:     gmx mdrun, version 2024.1
Source file: src/gromacs/taskassignment/resourcedivision.cpp (line 718)
MPI rank:    89 (out of 112)

Fatal error:
Setting the number of thread-MPI ranks is only supported with thread-MPI and
GROMACS was compiled without thread-MPI

For more information and tips for troubleshooting, please check the GROMACS
website at https://manual.gromacs.org/current/user-guide/run-time-errors.html
-------------------------------------------------------

-------------------------------------------------------
Program:     gmx mdrun, version 2024.1
Source file: src/gromacs/taskassignment/resourcedivision.cpp (line 718)
MPI rank:    94 (out of 112)

Fatal error:
Setting the number of thread-MPI ranks is only supported with thread-MPI and
GROMACS was compiled without thread-MPI

For more information and tips for troubleshooting, please check the GROMACS
website at https://manual.gromacs.org/current/user-guide/run-time-errors.html
-------------------------------------------------------

-------------------------------------------------------
Program:     gmx mdrun, version 2024.1
Source file: src/gromacs/taskassignment/resourcedivision.cpp (line 718)
MPI rank:    98 (out of 112)

Fatal error:
Setting the number of thread-MPI ranks is only supported with thread-MPI and
GROMACS was compiled without thread-MPI

For more information and tips for troubleshooting, please check the GROMACS
website at https://manual.gromacs.org/current/user-guide/run-time-errors.html
-------------------------------------------------------

-------------------------------------------------------
Program:     gmx mdrun, version 2024.1
Source file: src/gromacs/taskassignment/resourcedivision.cpp (line 718)
MPI rank:    102 (out of 112)

Fatal error:
Setting the number of thread-MPI ranks is only supported with thread-MPI and
GROMACS was compiled without thread-MPI

For more information and tips for troubleshooting, please check the GROMACS
website at https://manual.gromacs.org/current/user-guide/run-time-errors.html
-------------------------------------------------------
Source file: src/gromacs/taskassignment/resourcedivision.cpp (line 718)
MPI rank:    106 (out of 112)


-------------------------------------------------------
Program:     gmx mdrun, version 2024.1

-------------------------------------------------------
Program:     gmx mdrun, version 2024.1
Fatal error:
Setting the number of thread-MPI ranks is only supported with thread-MPI and
GROMACS was compiled without thread-MPI

For more information and tips for troubleshooting, please check the GROMACS
website at https://manual.gromacs.org/current/user-guide/run-time-errors.html
-------------------------------------------------------
Source file: src/gromacs/taskassignment/resourcedivision.cpp (line 718)
MPI rank:    13 (out of 112)

Fatal error:
Setting the number of thread-MPI ranks is only supported with thread-MPI and
GROMACS was compiled without thread-MPI

For more information and tips for troubleshooting, please check the GROMACS
website at https://manual.gromacs.org/current/user-guide/run-time-errors.html
-------------------------------------------------------
Fatal error:
Setting the number of thread-MPI ranks is only supported with thread-MPI and
GROMACS was compiled without thread-MPI

For more information and tips for troubleshooting, please check the GROMACS
website at https://manual.gromacs.org/current/user-guide/run-time-errors.html
-------------------------------------------------------
Source file: src/gromacs/taskassignment/resourcedivision.cpp (line 718)
MPI rank:    27 (out of 112)

Fatal error:
Setting the number of thread-MPI ranks is only supported with thread-MPI and
GROMACS was compiled without thread-MPI

For more information and tips for troubleshooting, please check the GROMACS
website at https://manual.gromacs.org/current/user-guide/run-time-errors.html
-------------------------------------------------------
Fatal error:
Setting the number of thread-MPI ranks is only supported with thread-MPI and
GROMACS was compiled without thread-MPI

For more information and tips for troubleshooting, please check the GROMACS
website at https://manual.gromacs.org/current/user-guide/run-time-errors.html
-------------------------------------------------------

-------------------------------------------------------
Program:     gmx mdrun, version 2024.1
Source file: src/gromacs/taskassignment/resourcedivision.cpp (line 718)
MPI rank:    35 (out of 112)

Fatal error:
Setting the number of thread-MPI ranks is only supported with thread-MPI and
GROMACS was compiled without thread-MPI

For more information and tips for troubleshooting, please check the GROMACS
website at https://manual.gromacs.org/current/user-guide/run-time-errors.html
-------------------------------------------------------

-------------------------------------------------------
Program:     gmx mdrun, version 2024.1
Source file: src/gromacs/taskassignment/resourcedivision.cpp (line 718)
MPI rank:    38 (out of 112)

Fatal error:
Setting the number of thread-MPI ranks is only supported with thread-MPI and
GROMACS was compiled without thread-MPI

For more information and tips for troubleshooting, please check the GROMACS
website at https://manual.gromacs.org/current/user-guide/run-time-errors.html
-------------------------------------------------------

-------------------------------------------------------
Program:     gmx mdrun, version 2024.1
Fatal error:
Setting the number of thread-MPI ranks is only supported with thread-MPI and
GROMACS was compiled without thread-MPI

For more information and tips for troubleshooting, please check the GROMACS
website at https://manual.gromacs.org/current/user-guide/run-time-errors.html
-------------------------------------------------------

-------------------------------------------------------
Program:     gmx mdrun, version 2024.1

-------------------------------------------------------
Program:     gmx mdrun, version 2024.1
Source file: src/gromacs/taskassignment/resourcedivision.cpp (line 718)
MPI rank:    44 (out of 112)

Fatal error:
Setting the number of thread-MPI ranks is only supported with thread-MPI and
GROMACS was compiled without thread-MPI

For more information and tips for troubleshooting, please check the GROMACS
website at https://manual.gromacs.org/current/user-guide/run-time-errors.html
-------------------------------------------------------

-------------------------------------------------------
Program:     gmx mdrun, version 2024.1
Source file: src/gromacs/taskassignment/resourcedivision.cpp (line 718)
MPI rank:    48 (out of 112)

Fatal error:
Setting the number of thread-MPI ranks is only supported with thread-MPI and
GROMACS was compiled without thread-MPI

For more information and tips for troubleshooting, please check the GROMACS
website at https://manual.gromacs.org/current/user-guide/run-time-errors.html
-------------------------------------------------------

-------------------------------------------------------
Program:     gmx mdrun, version 2024.1
Source file: src/gromacs/taskassignment/resourcedivision.cpp (line 718)
MPI rank:    54 (out of 112)

Fatal error:
Setting the number of thread-MPI ranks is only supported with thread-MPI and
GROMACS was compiled without thread-MPI

For more information and tips for troubleshooting, please check the GROMACS
website at https://manual.gromacs.org/current/user-guide/run-time-errors.html
-------------------------------------------------------
Fatal error:
Setting the number of thread-MPI ranks is only supported with thread-MPI and
GROMACS was compiled without thread-MPI

For more information and tips for troubleshooting, please check the GROMACS
website at https://manual.gromacs.org/current/user-guide/run-time-errors.html
-------------------------------------------------------
Fatal error:
Setting the number of thread-MPI ranks is only supported with thread-MPI and
GROMACS was compiled without thread-MPI

For more information and tips for troubleshooting, please check the GROMACS
website at https://manual.gromacs.org/current/user-guide/run-time-errors.html
-------------------------------------------------------

-------------------------------------------------------
Program:     gmx mdrun, version 2024.1
Source file: src/gromacs/taskassignment/resourcedivision.cpp (line 718)
MPI rank:    64 (out of 112)

Fatal error:
Setting the number of thread-MPI ranks is only supported with thread-MPI and
GROMACS was compiled without thread-MPI

For more information and tips for troubleshooting, please check the GROMACS
website at https://manual.gromacs.org/current/user-guide/run-time-errors.html
-------------------------------------------------------
Source file: src/gromacs/taskassignment/resourcedivision.cpp (line 718)
MPI rank:    68 (out of 112)


-------------------------------------------------------
Program:     gmx mdrun, version 2024.1
Source file: src/gromacs/taskassignment/resourcedivision.cpp (line 718)
MPI rank:    74 (out of 112)

Fatal error:
Setting the number of thread-MPI ranks is only supported with thread-MPI and
GROMACS was compiled without thread-MPI

For more information and tips for troubleshooting, please check the GROMACS
website at https://manual.gromacs.org/current/user-guide/run-time-errors.html
-------------------------------------------------------
Fatal error:
Setting the number of thread-MPI ranks is only supported with thread-MPI and
GROMACS was compiled without thread-MPI

For more information and tips for troubleshooting, please check the GROMACS
website at https://manual.gromacs.org/current/user-guide/run-time-errors.html
-------------------------------------------------------

-------------------------------------------------------
Program:     gmx mdrun, version 2024.1
Source file: src/gromacs/taskassignment/resourcedivision.cpp (line 718)
MPI rank:    82 (out of 112)

Fatal error:
Setting the number of thread-MPI ranks is only supported with thread-MPI and
GROMACS was compiled without thread-MPI

For more information and tips for troubleshooting, please check the GROMACS
website at https://manual.gromacs.org/current/user-guide/run-time-errors.html
-------------------------------------------------------
Source file: src/gromacs/taskassignment/resourcedivision.cpp (line 718)
MPI rank:    104 (out of 112)

Fatal error:
Fatal error:
Setting the number of thread-MPI ranks is only supported with thread-MPI and
GROMACS was compiled without thread-MPI

For more information and tips for troubleshooting, please check the GROMACS
website at https://manual.gromacs.org/current/user-guide/run-time-errors.html
-------------------------------------------------------

-------------------------------------------------------
Program:     gmx mdrun, version 2024.1
Source file: src/gromacs/taskassignment/resourcedivision.cpp (line 718)
MPI rank:    111 (out of 112)

Fatal error:
Setting the number of thread-MPI ranks is only supported with thread-MPI and
GROMACS was compiled without thread-MPI

For more information and tips for troubleshooting, please check the GROMACS
website at https://manual.gromacs.org/current/user-guide/run-time-errors.html
-------------------------------------------------------
Source file: src/gromacs/taskassignment/resourcedivision.cpp (line 718)
MPI rank:    2 (out of 112)

Fatal error:
Setting the number of thread-MPI ranks is only supported with thread-MPI and
GROMACS was compiled without thread-MPI

For more information and tips for troubleshooting, please check the GROMACS
website at https://manual.gromacs.org/current/user-guide/run-time-errors.html
-------------------------------------------------------
Fatal error:
Setting the number of thread-MPI ranks is only supported with thread-MPI and
GROMACS was compiled without thread-MPI

For more information and tips for troubleshooting, please check the GROMACS
website at https://manual.gromacs.org/current/user-guide/run-time-errors.html
-------------------------------------------------------
Fatal error:
Setting the number of thread-MPI ranks is only supported with thread-MPI and
GROMACS was compiled without thread-MPI

For more information and tips for troubleshooting, please check the GROMACS
website at https://manual.gromacs.org/current/user-guide/run-time-errors.html
-------------------------------------------------------
Fatal error:
Setting the number of thread-MPI ranks is only supported with thread-MPI and
GROMACS was compiled without thread-MPI

For more information and tips for troubleshooting, please check the GROMACS
website at https://manual.gromacs.org/current/user-guide/run-time-errors.html
-------------------------------------------------------
Fatal error:
Setting the number of thread-MPI ranks is only supported with thread-MPI and
GROMACS was compiled without thread-MPI

For more information and tips for troubleshooting, please check the GROMACS
website at https://manual.gromacs.org/current/user-guide/run-time-errors.html
-------------------------------------------------------
Fatal error:
Setting the number of thread-MPI ranks is only supported with thread-MPI and
GROMACS was compiled without thread-MPI

For more information and tips for troubleshooting, please check the GROMACS
website at https://manual.gromacs.org/current/user-guide/run-time-errors.html
-------------------------------------------------------
Fatal error:
Setting the number of thread-MPI ranks is only supported with thread-MPI and
GROMACS was compiled without thread-MPI

For more information and tips for troubleshooting, please check the GROMACS
website at https://manual.gromacs.org/current/user-guide/run-time-errors.html
-------------------------------------------------------

-------------------------------------------------------
Program:     gmx mdrun, version 2024.1
Source file: src/gromacs/taskassignment/resourcedivision.cpp (line 718)
MPI rank:    22 (out of 112)


-------------------------------------------------------
Program:     gmx mdrun, version 2024.1
Source file: src/gromacs/taskassignment/resourcedivision.cpp (line 718)
MPI rank:    26 (out of 112)

Fatal error:
Setting the number of thread-MPI ranks is only supported with thread-MPI and
GROMACS was compiled without thread-MPI

For more information and tips for troubleshooting, please check the GROMACS
website at https://manual.gromacs.org/current/user-guide/run-time-errors.html
-------------------------------------------------------

-------------------------------------------------------
Program:     gmx mdrun, version 2024.1
Source file: src/gromacs/taskassignment/resourcedivision.cpp (line 718)
MPI rank:    34 (out of 112)

Fatal error:
Setting the number of thread-MPI ranks is only supported with thread-MPI and
GROMACS was compiled without thread-MPI

For more information and tips for troubleshooting, please check the GROMACS
website at https://manual.gromacs.org/current/user-guide/run-time-errors.html
-------------------------------------------------------

-------------------------------------------------------
Program:     gmx mdrun, version 2024.1
Source file: src/gromacs/taskassignment/resourcedivision.cpp (line 718)
MPI rank:    37 (out of 112)

Fatal error:
Setting the number of thread-MPI ranks is only supported with thread-MPI and
GROMACS was compiled without thread-MPI
Source file: src/gromacs/taskassignment/resourcedivision.cpp (line 718)
MPI rank:    39 (out of 112)

Fatal error:
Setting the number of thread-MPI ranks is only supported with thread-MPI and
GROMACS was compiled without thread-MPI

For more information and tips for troubleshooting, please check the GROMACS
website at https://manual.gromacs.org/current/user-guide/run-time-errors.html
-------------------------------------------------------
Fatal error:
Setting the number of thread-MPI ranks is only supported with thread-MPI and
GROMACS was compiled without thread-MPI

For more information and tips for troubleshooting, please check the GROMACS
website at https://manual.gromacs.org/current/user-guide/run-time-errors.html
-------------------------------------------------------
Source file: src/gromacs/taskassignment/resourcedivision.cpp (line 718)
MPI rank:    43 (out of 112)

Fatal error:
Setting the number of thread-MPI ranks is only supported with thread-MPI and
GROMACS was compiled without thread-MPI

For more information and tips for troubleshooting, please check the GROMACS
website at https://manual.gromacs.org/current/user-guide/run-time-errors.html
-------------------------------------------------------
Fatal error:
Setting the number of thread-MPI ranks is only supported with thread-MPI and
GROMACS was compiled without thread-MPI

For more information and tips for troubleshooting, please check the GROMACS
website at https://manual.gromacs.org/current/user-guide/run-time-errors.html
-------------------------------------------------------
Fatal error:
Setting the number of thread-MPI ranks is only supported with thread-MPI and
GROMACS was compiled without thread-MPI

For more information and tips for troubleshooting, please check the GROMACS
website at https://manual.gromacs.org/current/user-guide/run-time-errors.html
-------------------------------------------------------
Fatal error:
Setting the number of thread-MPI ranks is only supported with thread-MPI and
GROMACS was compiled without thread-MPI

For more information and tips for troubleshooting, please check the GROMACS
website at https://manual.gromacs.org/current/user-guide/run-time-errors.html
-------------------------------------------------------
Fatal error:
Setting the number of thread-MPI ranks is only supported with thread-MPI and
GROMACS was compiled without thread-MPI

For more information and tips for troubleshooting, please check the GROMACS
website at https://manual.gromacs.org/current/user-guide/run-time-errors.html
-------------------------------------------------------
Source file: src/gromacs/taskassignment/resourcedivision.cpp (line 718)
MPI rank:    65 (out of 112)


-------------------------------------------------------
Program:     gmx mdrun, version 2024.1
Source file: src/gromacs/taskassignment/resourcedivision.cpp (line 718)
MPI rank:    66 (out of 112)

Fatal error:
Setting the number of thread-MPI ranks is only supported with thread-MPI and
GROMACS was compiled without thread-MPI

For more information and tips for troubleshooting, please check the GROMACS
website at https://manual.gromacs.org/current/user-guide/run-time-errors.html
-------------------------------------------------------
Source file: src/gromacs/taskassignment/resourcedivision.cpp (line 718)
MPI rank:    67 (out of 112)

Fatal error:
Setting the number of thread-MPI ranks is only supported with thread-MPI and
GROMACS was compiled without thread-MPI

For more information and tips for troubleshooting, please check the GROMACS
website at https://manual.gromacs.org/current/user-guide/run-time-errors.html
-------------------------------------------------------
Source file: src/gromacs/taskassignment/resourcedivision.cpp (line 718)
MPI rank:    69 (out of 112)

Fatal error:
Setting the number of thread-MPI ranks is only supported with thread-MPI and
GROMACS was compiled without thread-MPI

For more information and tips for troubleshooting, please check the GROMACS
website at https://manual.gromacs.org/current/user-guide/run-time-errors.html
-------------------------------------------------------
Fatal error:
Setting the number of thread-MPI ranks is only supported with thread-MPI and
GROMACS was compiled without thread-MPI

For more information and tips for troubleshooting, please check the GROMACS
website at https://manual.gromacs.org/current/user-guide/run-time-errors.html
-------------------------------------------------------
Fatal error:
Setting the number of thread-MPI ranks is only supported with thread-MPI and
GROMACS was compiled without thread-MPI

For more information and tips for troubleshooting, please check the GROMACS
website at https://manual.gromacs.org/current/user-guide/run-time-errors.html
-------------------------------------------------------

-------------------------------------------------------
Program:     gmx mdrun, version 2024.1
Source file: src/gromacs/taskassignment/resourcedivision.cpp (line 718)
MPI rank:    84 (out of 112)

Fatal error:
Setting the number of thread-MPI ranks is only supported with thread-MPI and
GROMACS was compiled without thread-MPI

For more information and tips for troubleshooting, please check the GROMACS
website at https://manual.gromacs.org/current/user-guide/run-time-errors.html
-------------------------------------------------------
Fatal error:
Setting the number of thread-MPI ranks is only supported with thread-MPI and
GROMACS was compiled without thread-MPI

For more information and tips for troubleshooting, please check the GROMACS
website at https://manual.gromacs.org/current/user-guide/run-time-errors.html
-------------------------------------------------------

-------------------------------------------------------
Program:     gmx mdrun, version 2024.1
Source file: src/gromacs/taskassignment/resourcedivision.cpp (line 718)
MPI rank:    88 (out of 112)

Fatal error:
Setting the number of thread-MPI ranks is only supported with thread-MPI and
GROMACS was compiled without thread-MPI

For more information and tips for troubleshooting, please check the GROMACS
website at https://manual.gromacs.org/current/user-guide/run-time-errors.html
-------------------------------------------------------
Fatal error:
Setting the number of thread-MPI ranks is only supported with thread-MPI and
GROMACS was compiled without thread-MPI

For more information and tips for troubleshooting, please check the GROMACS
website at https://manual.gromacs.org/current/user-guide/run-time-errors.html
-------------------------------------------------------
Fatal error:
Setting the number of thread-MPI ranks is only supported with thread-MPI and
GROMACS was compiled without thread-MPI

For more information and tips for troubleshooting, please check the GROMACS
website at https://manual.gromacs.org/current/user-guide/run-time-errors.html
-------------------------------------------------------
Fatal error:
Setting the number of thread-MPI ranks is only supported with thread-MPI and
GROMACS was compiled without thread-MPI

For more information and tips for troubleshooting, please check the GROMACS
website at https://manual.gromacs.org/current/user-guide/run-time-errors.html
-------------------------------------------------------

-------------------------------------------------------
Program:     gmx mdrun, version 2024.1
Source file: src/gromacs/taskassignment/resourcedivision.cpp (line 718)
MPI rank:    103 (out of 112)

Fatal error:
Setting the number of thread-MPI ranks is only supported with thread-MPI and
GROMACS was compiled without thread-MPI

For more information and tips for troubleshooting, please check the GROMACS
website at https://manual.gromacs.org/current/user-guide/run-time-errors.html
-------------------------------------------------------
Setting the number of thread-MPI ranks is only supported with thread-MPI and
GROMACS was compiled without thread-MPI

For more information and tips for troubleshooting, please check the GROMACS
website at https://manual.gromacs.org/current/user-guide/run-time-errors.html
-------------------------------------------------------
Source file: src/gromacs/taskassignment/resourcedivision.cpp (line 718)
MPI rank:    108 (out of 112)

Fatal error:
Setting the number of thread-MPI ranks is only supported with thread-MPI and
GROMACS was compiled without thread-MPI

For more information and tips for troubleshooting, please check the GROMACS
website at https://manual.gromacs.org/current/user-guide/run-time-errors.html
-------------------------------------------------------
Source file: src/gromacs/taskassignment/resourcedivision.cpp (line 718)
MPI rank:    109 (out of 112)

Fatal error:
Setting the number of thread-MPI ranks is only supported with thread-MPI and
GROMACS was compiled without thread-MPI

For more information and tips for troubleshooting, please check the GROMACS
website at https://manual.gromacs.org/current/user-guide/run-time-errors.html
-------------------------------------------------------

-------------------------------------------------------
Program:     gmx mdrun, version 2024.1
Source file: src/gromacs/taskassignment/resourcedivision.cpp (line 718)
MPI rank:    4 (out of 112)

Fatal error:
Setting the number of thread-MPI ranks is only supported with thread-MPI and
GROMACS was compiled without thread-MPI

For more information and tips for troubleshooting, please check the GROMACS
website at https://manual.gromacs.org/current/user-guide/run-time-errors.html
-------------------------------------------------------
Fatal error:
Setting the number of thread-MPI ranks is only supported with thread-MPI and
GROMACS was compiled without thread-MPI

For more information and tips for troubleshooting, please check the GROMACS
website at https://manual.gromacs.org/current/user-guide/run-time-errors.html
-------------------------------------------------------
Fatal error:
Setting the number of thread-MPI ranks is only supported with thread-MPI and
GROMACS was compiled without thread-MPI

For more information and tips for troubleshooting, please check the GROMACS
website at https://manual.gromacs.org/current/user-guide/run-time-errors.html
-------------------------------------------------------
Fatal error:
Setting the number of thread-MPI ranks is only supported with thread-MPI and
GROMACS was compiled without thread-MPI

For more information and tips for troubleshooting, please check the GROMACS
website at https://manual.gromacs.org/current/user-guide/run-time-errors.html
-------------------------------------------------------

-------------------------------------------------------
Program:     gmx mdrun, version 2024.1
Source file: src/gromacs/taskassignment/resourcedivision.cpp (line 718)
MPI rank:    17 (out of 112)

Fatal error:
Setting the number of thread-MPI ranks is only supported with thread-MPI and
GROMACS was compiled without thread-MPI

For more information and tips for troubleshooting, please check the GROMACS
website at https://manual.gromacs.org/current/user-guide/run-time-errors.html
-------------------------------------------------------

-------------------------------------------------------
Program:     gmx mdrun, version 2024.1
Source file: src/gromacs/taskassignment/resourcedivision.cpp (line 718)
MPI rank:    19 (out of 112)

Fatal error:
Setting the number of thread-MPI ranks is only supported with thread-MPI and
GROMACS was compiled without thread-MPI

For more information and tips for troubleshooting, please check the GROMACS
website at https://manual.gromacs.org/current/user-guide/run-time-errors.html
-------------------------------------------------------
Fatal error:
Setting the number of thread-MPI ranks is only supported with thread-MPI and
GROMACS was compiled without thread-MPI

For more information and tips for troubleshooting, please check the GROMACS
website at https://manual.gromacs.org/current/user-guide/run-time-errors.html
-------------------------------------------------------
Source file: src/gromacs/taskassignment/resourcedivision.cpp (line 718)
MPI rank:    24 (out of 112)

Fatal error:
Setting the number of thread-MPI ranks is only supported with thread-MPI and
GROMACS was compiled without thread-MPI

For more information and tips for troubleshooting, please check the GROMACS
website at https://manual.gromacs.org/current/user-guide/run-time-errors.html
-------------------------------------------------------
Fatal error:
Setting the number of thread-MPI ranks is only supported with thread-MPI and
GROMACS was compiled without thread-MPI

For more information and tips for troubleshooting, please check the GROMACS
website at https://manual.gromacs.org/current/user-guide/run-time-errors.html
-------------------------------------------------------
Fatal error:
Setting the number of thread-MPI ranks is only supported with thread-MPI and
GROMACS was compiled without thread-MPI

For more information and tips for troubleshooting, please check the GROMACS
website at https://manual.gromacs.org/current/user-guide/run-time-errors.html
-------------------------------------------------------
Fatal error:
Setting the number of thread-MPI ranks is only supported with thread-MPI and
GROMACS was compiled without thread-MPI

For more information and tips for troubleshooting, please check the GROMACS
website at https://manual.gromacs.org/current/user-guide/run-time-errors.html
-------------------------------------------------------

-------------------------------------------------------
Program:     gmx mdrun, version 2024.1
Source file: src/gromacs/taskassignment/resourcedivision.cpp (line 718)
MPI rank:    30 (out of 112)

Fatal error:
Setting the number of thread-MPI ranks is only supported with thread-MPI and
GROMACS was compiled without thread-MPI

For more information and tips for troubleshooting, please check the GROMACS
website at https://manual.gromacs.org/current/user-guide/run-time-errors.html
-------------------------------------------------------
Fatal error:
Setting the number of thread-MPI ranks is only supported with thread-MPI and
GROMACS was compiled without thread-MPI

For more information and tips for troubleshooting, please check the GROMACS
website at https://manual.gromacs.org/current/user-guide/run-time-errors.html
-------------------------------------------------------
Fatal error:
Setting the number of thread-MPI ranks is only supported with thread-MPI and
GROMACS was compiled without thread-MPI

For more information and tips for troubleshooting, please check the GROMACS
website at https://manual.gromacs.org/current/user-guide/run-time-errors.html
-------------------------------------------------------

For more information and tips for troubleshooting, please check the GROMACS
website at https://manual.gromacs.org/current/user-guide/run-time-errors.html
-------------------------------------------------------

-------------------------------------------------------
Program:     gmx mdrun, version 2024.1
Source file: src/gromacs/taskassignment/resourcedivision.cpp (line 718)
MPI rank:    46 (out of 112)

Fatal error:
Setting the number of thread-MPI ranks is only supported with thread-MPI and
GROMACS was compiled without thread-MPI

For more information and tips for troubleshooting, please check the GROMACS
website at https://manual.gromacs.org/current/user-guide/run-time-errors.html
-------------------------------------------------------

-------------------------------------------------------
Program:     gmx mdrun, version 2024.1
Source file: src/gromacs/taskassignment/resourcedivision.cpp (line 718)
MPI rank:    49 (out of 112)

Fatal error:
Setting the number of thread-MPI ranks is only supported with thread-MPI and
GROMACS was compiled without thread-MPI

For more information and tips for troubleshooting, please check the GROMACS
website at https://manual.gromacs.org/current/user-guide/run-time-errors.html
-------------------------------------------------------
Source file: src/gromacs/taskassignment/resourcedivision.cpp (line 718)
MPI rank:    51 (out of 112)

Fatal error:
Setting the number of thread-MPI ranks is only supported with thread-MPI and
GROMACS was compiled without thread-MPI

For more information and tips for troubleshooting, please check the GROMACS
website at https://manual.gromacs.org/current/user-guide/run-time-errors.html
-------------------------------------------------------
Fatal error:
Setting the number of thread-MPI ranks is only supported with thread-MPI and
GROMACS was compiled without thread-MPI

For more information and tips for troubleshooting, please check the GROMACS
website at https://manual.gromacs.org/current/user-guide/run-time-errors.html
-------------------------------------------------------
Fatal error:
Setting the number of thread-MPI ranks is only supported with thread-MPI and
GROMACS was compiled without thread-MPI

For more information and tips for troubleshooting, please check the GROMACS
website at https://manual.gromacs.org/current/user-guide/run-time-errors.html
-------------------------------------------------------

-------------------------------------------------------
Program:     gmx mdrun, version 2024.1
Source file: src/gromacs/taskassignment/resourcedivision.cpp (line 718)
MPI rank:    61 (out of 112)

Fatal error:
Setting the number of thread-MPI ranks is only supported with thread-MPI and
GROMACS was compiled without thread-MPI

For more information and tips for troubleshooting, please check the GROMACS
website at https://manual.gromacs.org/current/user-guide/run-time-errors.html
-------------------------------------------------------
Fatal error:
Setting the number of thread-MPI ranks is only supported with thread-MPI and
GROMACS was compiled without thread-MPI

For more information and tips for troubleshooting, please check the GROMACS
website at https://manual.gromacs.org/current/user-guide/run-time-errors.html
-------------------------------------------------------
Fatal error:
Setting the number of thread-MPI ranks is only supported with thread-MPI and
GROMACS was compiled without thread-MPI

For more information and tips for troubleshooting, please check the GROMACS
website at https://manual.gromacs.org/current/user-guide/run-time-errors.html
-------------------------------------------------------
Fatal error:
Setting the number of thread-MPI ranks is only supported with thread-MPI and
GROMACS was compiled without thread-MPI

For more information and tips for troubleshooting, please check the GROMACS
website at https://manual.gromacs.org/current/user-guide/run-time-errors.html
-------------------------------------------------------
Fatal error:
Setting the number of thread-MPI ranks is only supported with thread-MPI and
GROMACS was compiled without thread-MPI

For more information and tips for troubleshooting, please check the GROMACS
website at https://manual.gromacs.org/current/user-guide/run-time-errors.html
-------------------------------------------------------
Fatal error:
Setting the number of thread-MPI ranks is only supported with thread-MPI and
GROMACS was compiled without thread-MPI

For more information and tips for troubleshooting, please check the GROMACS
website at https://manual.gromacs.org/current/user-guide/run-time-errors.html
-------------------------------------------------------
Fatal error:
Setting the number of thread-MPI ranks is only supported with thread-MPI and
GROMACS was compiled without thread-MPI

For more information and tips for troubleshooting, please check the GROMACS
website at https://manual.gromacs.org/current/user-guide/run-time-errors.html
-------------------------------------------------------
Fatal error:
Setting the number of thread-MPI ranks is only supported with thread-MPI and
GROMACS was compiled without thread-MPI

For more information and tips for troubleshooting, please check the GROMACS
website at https://manual.gromacs.org/current/user-guide/run-time-errors.html
-------------------------------------------------------

-------------------------------------------------------
Program:     gmx mdrun, version 2024.1
Source file: src/gromacs/taskassignment/resourcedivision.cpp (line 718)
MPI rank:    77 (out of 112)

Fatal error:
Setting the number of thread-MPI ranks is only supported with thread-MPI and
GROMACS was compiled without thread-MPI

For more information and tips for troubleshooting, please check the GROMACS
website at https://manual.gromacs.org/current/user-guide/run-time-errors.html
-------------------------------------------------------

-------------------------------------------------------
Program:     gmx mdrun, version 2024.1
Source file: src/gromacs/taskassignment/resourcedivision.cpp (line 718)
MPI rank:    78 (out of 112)

Fatal error:
Setting the number of thread-MPI ranks is only supported with thread-MPI and
GROMACS was compiled without thread-MPI

For more information and tips for troubleshooting, please check the GROMACS
website at https://manual.gromacs.org/current/user-guide/run-time-errors.html
-------------------------------------------------------

-------------------------------------------------------
Program:     gmx mdrun, version 2024.1
Source file: src/gromacs/taskassignment/resourcedivision.cpp (line 718)
MPI rank:    83 (out of 112)

Fatal error:
Setting the number of thread-MPI ranks is only supported with thread-MPI and
GROMACS was compiled without thread-MPI

For more information and tips for troubleshooting, please check the GROMACS
website at https://manual.gromacs.org/current/user-guide/run-time-errors.html
-------------------------------------------------------

-------------------------------------------------------
Program:     gmx mdrun, version 2024.1
Source file: src/gromacs/taskassignment/resourcedivision.cpp (line 718)
MPI rank:    87 (out of 112)

Fatal error:
Setting the number of thread-MPI ranks is only supported with thread-MPI and
GROMACS was compiled without thread-MPI

For more information and tips for troubleshooting, please check the GROMACS
website at https://manual.gromacs.org/current/user-guide/run-time-errors.html
-------------------------------------------------------

-------------------------------------------------------
Program:     gmx mdrun, version 2024.1
Source file: src/gromacs/taskassignment/resourcedivision.cpp (line 718)
MPI rank:    91 (out of 112)

Fatal error:
Setting the number of thread-MPI ranks is only supported with thread-MPI and
GROMACS was compiled without thread-MPI

For more information and tips for troubleshooting, please check the GROMACS
website at https://manual.gromacs.org/current/user-guide/run-time-errors.html
-------------------------------------------------------

-------------------------------------------------------
Program:     gmx mdrun, version 2024.1
Source file: src/gromacs/taskassignment/resourcedivision.cpp (line 718)
MPI rank:    92 (out of 112)

Fatal error:
Setting the number of thread-MPI ranks is only supported with thread-MPI and
GROMACS was compiled without thread-MPI

For more information and tips for troubleshooting, please check the GROMACS
website at https://manual.gromacs.org/current/user-guide/run-time-errors.html
-------------------------------------------------------
Fatal error:
Setting the number of thread-MPI ranks is only supported with thread-MPI and
GROMACS was compiled without thread-MPI

For more information and tips for troubleshooting, please check the GROMACS
website at https://manual.gromacs.org/current/user-guide/run-time-errors.html
-------------------------------------------------------

-------------------------------------------------------
Program:     gmx mdrun, version 2024.1
Source file: src/gromacs/taskassignment/resourcedivision.cpp (line 718)
MPI rank:    97 (out of 112)

Fatal error:
Setting the number of thread-MPI ranks is only supported with thread-MPI and
GROMACS was compiled without thread-MPI

For more information and tips for troubleshooting, please check the GROMACS
website at https://manual.gromacs.org/current/user-guide/run-time-errors.html
-------------------------------------------------------
Fatal error:
Setting the number of thread-MPI ranks is only supported with thread-MPI and
GROMACS was compiled without thread-MPI

For more information and tips for troubleshooting, please check the GROMACS
website at https://manual.gromacs.org/current/user-guide/run-time-errors.html
-------------------------------------------------------

-------------------------------------------------------
Program:     gmx mdrun, version 2024.1
Source file: src/gromacs/taskassignment/resourcedivision.cpp (line 718)
MPI rank:    100 (out of 112)

Fatal error:
Setting the number of thread-MPI ranks is only supported with thread-MPI and
GROMACS was compiled without thread-MPI

For more information and tips for troubleshooting, please check the GROMACS
website at https://manual.gromacs.org/current/user-guide/run-time-errors.html
-------------------------------------------------------

-------------------------------------------------------
Program:     gmx mdrun, version 2024.1
Source file: src/gromacs/taskassignment/resourcedivision.cpp (line 718)
MPI rank:    101 (out of 112)

Fatal error:
Setting the number of thread-MPI ranks is only supported with thread-MPI and
GROMACS was compiled without thread-MPI

For more information and tips for troubleshooting, please check the GROMACS
website at https://manual.gromacs.org/current/user-guide/run-time-errors.html
-------------------------------------------------------

-------------------------------------------------------
Program:     gmx mdrun, version 2024.1
Source file: src/gromacs/taskassignment/resourcedivision.cpp (line 718)
MPI rank:    105 (out of 112)

Fatal error:
Setting the number of thread-MPI ranks is only supported with thread-MPI and
GROMACS was compiled without thread-MPI

For more information and tips for troubleshooting, please check the GROMACS
website at https://manual.gromacs.org/current/user-guide/run-time-errors.html
-------------------------------------------------------
Fatal error:
Setting the number of thread-MPI ranks is only supported with thread-MPI and
GROMACS was compiled without thread-MPI

For more information and tips for troubleshooting, please check the GROMACS
website at https://manual.gromacs.org/current/user-guide/run-time-errors.html
-------------------------------------------------------

-------------------------------------------------------
Program:     gmx mdrun, version 2024.1
Source file: src/gromacs/taskassignment/resourcedivision.cpp (line 718)
MPI rank:    110 (out of 112)

Fatal error:
Setting the number of thread-MPI ranks is only supported with thread-MPI and
GROMACS was compiled without thread-MPI

For more information and tips for troubleshooting, please check the GROMACS
website at https://manual.gromacs.org/current/user-guide/run-time-errors.html
-------------------------------------------------------
Program:     gmx mdrun, version 2024.1
Source file: src/gromacs/taskassignment/resourcedivision.cpp (line 718)
MPI rank:    59 (out of 112)

Fatal error:
Setting the number of thread-MPI ranks is only supported with thread-MPI and
GROMACS was compiled without thread-MPI

For more information and tips for troubleshooting, please check the GROMACS
website at https://manual.gromacs.org/current/user-guide/run-time-errors.html
-------------------------------------------------------

-------------------------------------------------------
Program:     gmx mdrun, version 2024.1
Source file: src/gromacs/taskassignment/resourcedivision.cpp (line 718)
MPI rank:    1 (out of 112)

Fatal error:
Setting the number of thread-MPI ranks is only supported with thread-MPI and
GROMACS was compiled without thread-MPI

For more information and tips for troubleshooting, please check the GROMACS
website at https://manual.gromacs.org/current/user-guide/run-time-errors.html
-------------------------------------------------------
Abort(1) on node 23 (rank 23 in comm 0): application called MPI_Abort(MPI_COMM_WORLD, 1) - process 23
Abort(1) on node 55 (rank 55 in comm 0): application called MPI_Abort(MPI_COMM_WORLD, 1) - process 55
Abort(1) on node 89 (rank 89 in comm 0): application called MPI_Abort(MPI_COMM_WORLD, 1) - process 89
Abort(1) on node 1 (rank 1 in comm 0): application called MPI_Abort(MPI_COMM_WORLD, 1) - process 1
Abort(1) on node 3 (rank 3 in comm 0): application called MPI_Abort(MPI_COMM_WORLD, 1) - process 3
Abort(1) on node 9 (rank 9 in comm 0): application called MPI_Abort(MPI_COMM_WORLD, 1) - process 9
Abort(1) on node 11 (rank 11 in comm 0): application called MPI_Abort(MPI_COMM_WORLD, 1) - process 11
Abort(1) on node 17 (rank 17 in comm 0): application called MPI_Abort(MPI_COMM_WORLD, 1) - process 17
Abort(1) on node 18 (rank 18 in comm 0): application called MPI_Abort(MPI_COMM_WORLD, 1) - process 18
Abort(1) on node 20 (rank 20 in comm 0): application called MPI_Abort(MPI_COMM_WORLD, 1) - process 20
Abort(1) on node 24 (rank 24 in comm 0): application called MPI_Abort(MPI_COMM_WORLD, 1) - process 24
Abort(1) on node 29 (rank 29 in comm 0): application called MPI_Abort(MPI_COMM_WORLD, 1) - process 29
Abort(1) on node 31 (rank 31 in comm 0): application called MPI_Abort(MPI_COMM_WORLD, 1) - process 31
Abort(1) on node 34 (rank 34 in comm 0): application called MPI_Abort(MPI_COMM_WORLD, 1) - process 34
Abort(1) on node 35 (rank 35 in comm 0): application called MPI_Abort(MPI_COMM_WORLD, 1) - process 35
Abort(1) on node 36 (rank 36 in comm 0): application called MPI_Abort(MPI_COMM_WORLD, 1) - process 36
Abort(1) on node 37 (rank 37 in comm 0): application called MPI_Abort(MPI_COMM_WORLD, 1) - process 37
Abort(1) on node 38 (rank 38 in comm 0): application called MPI_Abort(MPI_COMM_WORLD, 1) - process 38
Abort(1) on node 39 (rank 39 in comm 0): application called MPI_Abort(MPI_COMM_WORLD, 1) - process 39
Abort(1) on node 40 (rank 40 in comm 0): application called MPI_Abort(MPI_COMM_WORLD, 1) - process 40
Abort(1) on node 44 (rank 44 in comm 0): application called MPI_Abort(MPI_COMM_WORLD, 1) - process 44
Abort(1) on node 45 (rank 45 in comm 0): application called MPI_Abort(MPI_COMM_WORLD, 1) - process 45
Abort(1) on node 48 (rank 48 in comm 0): application called MPI_Abort(MPI_COMM_WORLD, 1) - process 48
Abort(1) on node 49 (rank 49 in comm 0): application called MPI_Abort(MPI_COMM_WORLD, 1) - process 49
Abort(1) on node 50 (rank 50 in comm 0): application called MPI_Abort(MPI_COMM_WORLD, 1) - process 50
Abort(1) on node 53 (rank 53 in comm 0): application called MPI_Abort(MPI_COMM_WORLD, 1) - process 53
Abort(1) on node 56 (rank 56 in comm 0): application called MPI_Abort(MPI_COMM_WORLD, 1) - process 56
Abort(1) on node 57 (rank 57 in comm 0): application called MPI_Abort(MPI_COMM_WORLD, 1) - process 57
Abort(1) on node 58 (rank 58 in comm 0): application called MPI_Abort(MPI_COMM_WORLD, 1) - process 58
Abort(1) on node 59 (rank 59 in comm 0): application called MPI_Abort(MPI_COMM_WORLD, 1) - process 59
Abort(1) on node 60 (rank 60 in comm 0): application called MPI_Abort(MPI_COMM_WORLD, 1) - process 60
Abort(1) on node 61 (rank 61 in comm 0): application called MPI_Abort(MPI_COMM_WORLD, 1) - process 61
Abort(1) on node 62 (rank 62 in comm 0): application called MPI_Abort(MPI_COMM_WORLD, 1) - process 62
Abort(1) on node 63 (rank 63 in comm 0): application called MPI_Abort(MPI_COMM_WORLD, 1) - process 63
Abort(1) on node 64 (rank 64 in comm 0): application called MPI_Abort(MPI_COMM_WORLD, 1) - process 64
Abort(1) on node 65 (rank 65 in comm 0): application called MPI_Abort(MPI_COMM_WORLD, 1) - process 65
Abort(1) on node 66 (rank 66 in comm 0): application called MPI_Abort(MPI_COMM_WORLD, 1) - process 66
Abort(1) on node 67 (rank 67 in comm 0): application called MPI_Abort(MPI_COMM_WORLD, 1) - process 67
Abort(1) on node 68 (rank 68 in comm 0): application called MPI_Abort(MPI_COMM_WORLD, 1) - process 68
Abort(1) on node 69 (rank 69 in comm 0): application called MPI_Abort(MPI_COMM_WORLD, 1) - process 69
Abort(1) on node 70 (rank 70 in comm 0): application called MPI_Abort(MPI_COMM_WORLD, 1) - process 70
Abort(1) on node 71 (rank 71 in comm 0): application called MPI_Abort(MPI_COMM_WORLD, 1) - process 71
Abort(1) on node 72 (rank 72 in comm 0): application called MPI_Abort(MPI_COMM_WORLD, 1) - process 72
Abort(1) on node 73 (rank 73 in comm 0): application called MPI_Abort(MPI_COMM_WORLD, 1) - process 73
Abort(1) on node 74 (rank 74 in comm 0): application called MPI_Abort(MPI_COMM_WORLD, 1) - process 74
Abort(1) on node 75 (rank 75 in comm 0): application called MPI_Abort(MPI_COMM_WORLD, 1) - process 75
Abort(1) on node 76 (rank 76 in comm 0): application called MPI_Abort(MPI_COMM_WORLD, 1) - process 76
Abort(1) on node 77 (rank 77 in comm 0): application called MPI_Abort(MPI_COMM_WORLD, 1) - process 77
Abort(1) on node 78 (rank 78 in comm 0): application called MPI_Abort(MPI_COMM_WORLD, 1) - process 78
Abort(1) on node 79 (rank 79 in comm 0): application called MPI_Abort(MPI_COMM_WORLD, 1) - process 79
Abort(1) on node 80 (rank 80 in comm 0): application called MPI_Abort(MPI_COMM_WORLD, 1) - process 80
Abort(1) on node 81 (rank 81 in comm 0): application called MPI_Abort(MPI_COMM_WORLD, 1) - process 81
Abort(1) on node 82 (rank 82 in comm 0): application called MPI_Abort(MPI_COMM_WORLD, 1) - process 82
Abort(1) on node 83 (rank 83 in comm 0): application called MPI_Abort(MPI_COMM_WORLD, 1) - process 83
Abort(1) on node 84 (rank 84 in comm 0): application called MPI_Abort(MPI_COMM_WORLD, 1) - process 84
Abort(1) on node 85 (rank 85 in comm 0): application called MPI_Abort(MPI_COMM_WORLD, 1) - process 85
Abort(1) on node 86 (rank 86 in comm 0): application called MPI_Abort(MPI_COMM_WORLD, 1) - process 86
Abort(1) on node 87 (rank 87 in comm 0): application called MPI_Abort(MPI_COMM_WORLD, 1) - process 87
Abort(1) on node 88 (rank 88 in comm 0): application called MPI_Abort(MPI_COMM_WORLD, 1) - process 88
Abort(1) on node 90 (rank 90 in comm 0): application called MPI_Abort(MPI_COMM_WORLD, 1) - process 90
Abort(1) on node 91 (rank 91 in comm 0): application called MPI_Abort(MPI_COMM_WORLD, 1) - process 91
Abort(1) on node 92 (rank 92 in comm 0): application called MPI_Abort(MPI_COMM_WORLD, 1) - process 92
Abort(1) on node 93 (rank 93 in comm 0): application called MPI_Abort(MPI_COMM_WORLD, 1) - process 93
Abort(1) on node 94 (rank 94 in comm 0): application called MPI_Abort(MPI_COMM_WORLD, 1) - process 94
Abort(1) on node 95 (rank 95 in comm 0): application called MPI_Abort(MPI_COMM_WORLD, 1) - process 95
Abort(1) on node 96 (rank 96 in comm 0): application called MPI_Abort(MPI_COMM_WORLD, 1) - process 96
Abort(1) on node 97 (rank 97 in comm 0): application called MPI_Abort(MPI_COMM_WORLD, 1) - process 97
Abort(1) on node 98 (rank 98 in comm 0): application called MPI_Abort(MPI_COMM_WORLD, 1) - process 98
Abort(1) on node 99 (rank 99 in comm 0): application called MPI_Abort(MPI_COMM_WORLD, 1) - process 99
Abort(1) on node 100 (rank 100 in comm 0): application called MPI_Abort(MPI_COMM_WORLD, 1) - process 100
Abort(1) on node 101 (rank 101 in comm 0): application called MPI_Abort(MPI_COMM_WORLD, 1) - process 101
Abort(1) on node 102 (rank 102 in comm 0): application called MPI_Abort(MPI_COMM_WORLD, 1) - process 102
Abort(1) on node 103 (rank 103 in comm 0): application called MPI_Abort(MPI_COMM_WORLD, 1) - process 103
Abort(1) on node 104 (rank 104 in comm 0): application called MPI_Abort(MPI_COMM_WORLD, 1) - process 104
Abort(1) on node 105 (rank 105 in comm 0): application called MPI_Abort(MPI_COMM_WORLD, 1) - process 105
Abort(1) on node 106 (rank 106 in comm 0): application called MPI_Abort(MPI_COMM_WORLD, 1) - process 106
Abort(1) on node 107 (rank 107 in comm 0): application called MPI_Abort(MPI_COMM_WORLD, 1) - process 107
Abort(1) on node 108 (rank 108 in comm 0): application called MPI_Abort(MPI_COMM_WORLD, 1) - process 108
Abort(1) on node 109 (rank 109 in comm 0): application called MPI_Abort(MPI_COMM_WORLD, 1) - process 109
Abort(1) on node 110 (rank 110 in comm 0): application called MPI_Abort(MPI_COMM_WORLD, 1) - process 110
Abort(1) on node 111 (rank 111 in comm 0): application called MPI_Abort(MPI_COMM_WORLD, 1) - process 111
